<?xml version="1.0" encoding="UTF-8"?>
<testsuite name="agh.ii.prinjava.lab03.exc03_01.impl.LinkedListBasedImplTest" tests="1" skipped="0" failures="0" errors="0" timestamp="2021-10-06T17:12:38" hostname="LAPTOP-H7DJ7MKI" time="0.069">
  <properties/>
  <testcase name="newQueueIsEmpty()" classname="agh.ii.prinjava.lab03.exc03_01.impl.LinkedListBasedImplTest" time="0.069"/>
  <system-out><![CDATA[]]></system-out>
  <system-err><![CDATA[]]></system-err>
</testsuite>
