<?xml version="1.0" encoding="UTF-8"?>
<testsuite name="agh.ii.prinjava.proj1.impl.DLinkListTest" tests="1" skipped="0" failures="0" errors="0" timestamp="2021-10-21T15:54:05" hostname="LAPTOP-H7DJ7MKI" time="0.022">
  <properties/>
  <testcase name="removeTest()" classname="agh.ii.prinjava.proj1.impl.DLinkListTest" time="0.022"/>
  <system-out><![CDATA[]]></system-out>
  <system-err><![CDATA[]]></system-err>
</testsuite>
